[1560718775] Nagios 4.4.3 starting... (PID=76758)
[1560718775] Local time is Sun Jun 16 22:59:35 CEST 2019
[1560718775] LOG VERSION: 2.0
[1560718775] qh: Socket '/usr/local/nagios/var/rw/nagios.qh' successfully initialized
[1560718775] qh: core query handler registered
[1560718775] qh: echo service query handler registered
[1560718775] qh: help for the query handler registered
[1560718775] wproc: Successfully registered manager as @wproc with query handler
[1560718775] wproc: Registry request: name=Core Worker 76760;pid=76760
[1560718775] wproc: Registry request: name=Core Worker 76762;pid=76762
[1560718775] wproc: Registry request: name=Core Worker 76761;pid=76761
[1560718775] wproc: Registry request: name=Core Worker 76759;pid=76759
[1560718775] ndomod: NDOMOD 2.1.3 (2017-04-13) Copyright (c) 2009 Nagios Core Development Team and Community Contributors
[1560718775] ndomod: Could not open data sink!  I'll keep trying, but some output may get lost...
[1560718775] ndomod registered for process data
[1560718775] ndomod registered for log data'
[1560718775] ndomod registered for system command data'
[1560718775] ndomod registered for event handler data'
[1560718775] ndomod registered for notification data'
[1560718775] ndomod registered for comment data'
[1560718775] ndomod registered for downtime data'
[1560718775] ndomod registered for flapping data'
[1560718775] ndomod registered for program status data'
[1560718775] ndomod registered for host status data'
[1560718775] ndomod registered for service status data'
[1560718775] ndomod registered for adaptive program data'
[1560718775] ndomod registered for adaptive host data'
[1560718775] ndomod registered for adaptive service data'
[1560718775] ndomod registered for external command data'
[1560718775] ndomod registered for aggregated status data'
[1560718775] ndomod registered for retention data'
[1560718775] ndomod registered for contact data'
[1560718775] ndomod registered for contact notification data'
[1560718775] ndomod registered for acknowledgement data'
[1560718775] ndomod registered for state change data'
[1560718775] ndomod registered for contact status data'
[1560718775] ndomod registered for adaptive contact data'
[1560718775] Event broker module '/usr/local/nagios/bin/ndomod.o' initialized successfully.
[1560718776] Successfully launched command file worker with pid 76840
[1560718780] Caught SIGTERM, shutting down...
[1560718780] Caught SIGTERM, shutting down...
[1560718780] Caught SIGTERM, shutting down...
[1560718780] Successfully shutdown... (PID=76758)
[1560718780] ndomod: Shutdown complete.
[1560718780] Event broker module '/usr/local/nagios/bin/ndomod.o' deinitialized successfully.
[1560718780] Nagios 4.4.3 starting... (PID=76903)
[1560718780] Local time is Sun Jun 16 22:59:40 CEST 2019
[1560718780] LOG VERSION: 2.0
[1560718780] qh: Socket '/usr/local/nagios/var/rw/nagios.qh' successfully initialized
[1560718780] qh: core query handler registered
[1560718780] qh: echo service query handler registered
[1560718780] qh: help for the query handler registered
[1560718780] wproc: Successfully registered manager as @wproc with query handler
[1560718780] wproc: Registry request: name=Core Worker 76904;pid=76904
[1560718780] wproc: Registry request: name=Core Worker 76905;pid=76905
[1560718780] wproc: Registry request: name=Core Worker 76906;pid=76906
[1560718780] wproc: Registry request: name=Core Worker 76907;pid=76907
[1560718780] ndomod: NDOMOD 2.1.3 (2017-04-13) Copyright (c) 2009 Nagios Core Development Team and Community Contributors
[1560718780] ndomod: Successfully connected to data sink.  360 queued items to flush.
[1560718780] ndomod: Successfully flushed 360 queued items to data sink.
[1560718780] ndomod registered for process data
[1560718780] ndomod registered for log data'
[1560718780] ndomod registered for system command data'
[1560718780] ndomod registered for event handler data'
[1560718780] ndomod registered for notification data'
[1560718780] ndomod registered for comment data'
[1560718780] ndomod registered for downtime data'
[1560718780] ndomod registered for flapping data'
[1560718780] ndomod registered for program status data'
[1560718780] ndomod registered for host status data'
[1560718780] ndomod registered for service status data'
[1560718780] ndomod registered for adaptive program data'
[1560718780] ndomod registered for adaptive host data'
[1560718780] ndomod registered for adaptive service data'
[1560718780] ndomod registered for external command data'
[1560718780] ndomod registered for aggregated status data'
[1560718780] ndomod registered for retention data'
[1560718780] ndomod registered for contact data'
[1560718780] ndomod registered for contact notification data'
[1560718780] ndomod registered for acknowledgement data'
[1560718780] ndomod registered for state change data'
[1560718780] ndomod registered for contact status data'
[1560718780] ndomod registered for adaptive contact data'
[1560718780] Event broker module '/usr/local/nagios/bin/ndomod.o' initialized successfully.
[1560718780] Successfully launched command file worker with pid 76920
[1560719146] Caught SIGTERM, shutting down...
[1560719146] Caught SIGTERM, shutting down...
[1560719146] Caught SIGTERM, shutting down...
[1560719146] Successfully shutdown... (PID=76903)
[1560719146] ndomod: Shutdown complete.
[1560719146] Event broker module '/usr/local/nagios/bin/ndomod.o' deinitialized successfully.
[1560719146] Nagios 4.4.3 starting... (PID=79380)
[1560719146] Local time is Sun Jun 16 23:05:46 CEST 2019
[1560719146] LOG VERSION: 2.0
[1560719146] qh: Socket '/usr/local/nagios/var/rw/nagios.qh' successfully initialized
[1560719146] qh: core query handler registered
[1560719146] qh: echo service query handler registered
[1560719146] qh: help for the query handler registered
[1560719146] wproc: Successfully registered manager as @wproc with query handler
[1560719146] wproc: Registry request: name=Core Worker 79382;pid=79382
[1560719146] wproc: Registry request: name=Core Worker 79383;pid=79383
[1560719146] wproc: Registry request: name=Core Worker 79384;pid=79384
[1560719146] wproc: Registry request: name=Core Worker 79381;pid=79381
[1560719146] ndomod: NDOMOD 2.1.3 (2017-04-13) Copyright (c) 2009 Nagios Core Development Team and Community Contributors
[1560719146] ndomod: Successfully connected to data sink.  0 queued items to flush.
[1560719146] ndomod registered for process data
[1560719146] ndomod registered for log data'
[1560719146] ndomod registered for system command data'
[1560719146] ndomod registered for event handler data'
[1560719146] ndomod registered for notification data'
[1560719146] ndomod registered for comment data'
[1560719146] ndomod registered for downtime data'
[1560719146] ndomod registered for flapping data'
[1560719146] ndomod registered for program status data'
[1560719146] ndomod registered for host status data'
[1560719146] ndomod registered for service status data'
[1560719146] ndomod registered for adaptive program data'
[1560719146] ndomod registered for adaptive host data'
[1560719146] ndomod registered for adaptive service data'
[1560719146] ndomod registered for external command data'
[1560719146] ndomod registered for aggregated status data'
[1560719146] ndomod registered for retention data'
[1560719146] ndomod registered for contact data'
[1560719146] ndomod registered for contact notification data'
[1560719146] ndomod registered for acknowledgement data'
[1560719146] ndomod registered for state change data'
[1560719146] ndomod registered for contact status data'
[1560719146] ndomod registered for adaptive contact data'
[1560719146] Event broker module '/usr/local/nagios/bin/ndomod.o' initialized successfully.
[1560719146] Successfully launched command file worker with pid 79399
[1560719985] Caught SIGTERM, shutting down...
[1560719985] Caught SIGTERM, shutting down...
[1560719985] Caught SIGTERM, shutting down...
[1560719985] Successfully shutdown... (PID=79380)
[1560719985] ndomod: Shutdown complete.
[1560719985] Event broker module '/usr/local/nagios/bin/ndomod.o' deinitialized successfully.
[1560719985] Nagios 4.4.3 starting... (PID=127751)
[1560719985] Local time is Sun Jun 16 23:19:45 CEST 2019
[1560719985] LOG VERSION: 2.0
[1560719985] qh: Socket '/usr/local/nagios/var/rw/nagios.qh' successfully initialized
[1560719985] qh: core query handler registered
[1560719985] qh: echo service query handler registered
[1560719985] qh: help for the query handler registered
[1560719985] wproc: Successfully registered manager as @wproc with query handler
[1560719985] wproc: Registry request: name=Core Worker 127753;pid=127753
[1560719985] wproc: Registry request: name=Core Worker 127754;pid=127754
[1560719985] wproc: Registry request: name=Core Worker 127755;pid=127755
[1560719985] wproc: Registry request: name=Core Worker 127752;pid=127752
[1560719985] ndomod: NDOMOD 2.1.3 (2017-04-13) Copyright (c) 2009 Nagios Core Development Team and Community Contributors
[1560719985] ndomod: Successfully connected to data sink.  0 queued items to flush.
[1560719985] ndomod registered for process data
[1560719985] ndomod registered for log data'
[1560719985] ndomod registered for system command data'
[1560719985] ndomod registered for event handler data'
[1560719985] ndomod registered for notification data'
[1560719985] ndomod registered for comment data'
[1560719985] ndomod registered for downtime data'
[1560719985] ndomod registered for flapping data'
[1560719985] ndomod registered for program status data'
[1560719985] ndomod registered for host status data'
[1560719985] ndomod registered for service status data'
[1560719985] ndomod registered for adaptive program data'
[1560719985] ndomod registered for adaptive host data'
[1560719985] ndomod registered for adaptive service data'
[1560719985] ndomod registered for external command data'
[1560719985] ndomod registered for aggregated status data'
[1560719985] ndomod registered for retention data'
[1560719985] ndomod registered for contact data'
[1560719985] ndomod registered for contact notification data'
[1560719985] ndomod registered for acknowledgement data'
[1560719985] ndomod registered for state change data'
[1560719985] ndomod registered for contact status data'
[1560719985] ndomod registered for adaptive contact data'
[1560719985] Event broker module '/usr/local/nagios/bin/ndomod.o' initialized successfully.
[1560719985] Successfully launched command file worker with pid 127766
[1560719995] HOST NOTIFICATION: tom;192.168.12.100;DOWN;xi_host_notification_handler;CRITICAL - 192.168.12.100: rta nan, lost 100%
[1560719995] HOST ALERT: 192.168.12.100;DOWN;HARD;1;CRITICAL - 192.168.12.100: rta nan, lost 100%
[1560720041] SERVICE ALERT: 192.168.12.100;Ping;CRITICAL;HARD;1;CRITICAL - 192.168.12.100: rta nan, lost 100%
[1560721262] Caught SIGTERM, shutting down...
[1560721263] Caught SIGTERM, shutting down...
[1560721263] Successfully shutdown... (PID=127751)
[1560721263] ndomod: Shutdown complete.
[1560721263] Event broker module '/usr/local/nagios/bin/ndomod.o' deinitialized successfully.
[1560721263] Nagios 4.4.3 starting... (PID=5163)
[1560721263] Local time is Sun Jun 16 23:41:03 CEST 2019
[1560721263] LOG VERSION: 2.0
[1560721263] qh: Socket '/usr/local/nagios/var/rw/nagios.qh' successfully initialized
[1560721263] qh: core query handler registered
[1560721263] qh: echo service query handler registered
[1560721263] qh: help for the query handler registered
[1560721263] wproc: Successfully registered manager as @wproc with query handler
[1560721263] wproc: Registry request: name=Core Worker 5165;pid=5165
[1560721263] wproc: Registry request: name=Core Worker 5164;pid=5164
[1560721263] wproc: Registry request: name=Core Worker 5167;pid=5167
[1560721263] wproc: Registry request: name=Core Worker 5166;pid=5166
[1560721263] ndomod: NDOMOD 2.1.3 (2017-04-13) Copyright (c) 2009 Nagios Core Development Team and Community Contributors
[1560721263] ndomod: Successfully connected to data sink.  0 queued items to flush.
[1560721263] ndomod registered for process data
[1560721263] ndomod registered for log data'
[1560721263] ndomod registered for system command data'
[1560721263] ndomod registered for event handler data'
[1560721263] ndomod registered for notification data'
[1560721263] ndomod registered for comment data'
[1560721263] ndomod registered for downtime data'
[1560721263] ndomod registered for flapping data'
[1560721263] ndomod registered for program status data'
[1560721263] ndomod registered for host status data'
[1560721263] ndomod registered for service status data'
[1560721263] ndomod registered for adaptive program data'
[1560721263] ndomod registered for adaptive host data'
[1560721263] ndomod registered for adaptive service data'
[1560721263] ndomod registered for external command data'
[1560721263] ndomod registered for aggregated status data'
[1560721263] ndomod registered for retention data'
[1560721263] ndomod registered for contact data'
[1560721263] ndomod registered for contact notification data'
[1560721263] ndomod registered for acknowledgement data'
[1560721263] ndomod registered for state change data'
[1560721263] ndomod registered for contact status data'
[1560721263] ndomod registered for adaptive contact data'
[1560721263] Event broker module '/usr/local/nagios/bin/ndomod.o' initialized successfully.
[1560721263] Successfully launched command file worker with pid 5177
[1560722074] Caught SIGTERM, shutting down...
[1560722074] Successfully shutdown... (PID=5163)
[1560722074] ndomod: Shutdown complete.
[1560722074] Event broker module '/usr/local/nagios/bin/ndomod.o' deinitialized successfully.
[1560722074] Nagios 4.4.3 starting... (PID=10223)
[1560722074] Local time is Sun Jun 16 23:54:34 CEST 2019
[1560722074] LOG VERSION: 2.0
[1560722074] qh: Socket '/usr/local/nagios/var/rw/nagios.qh' successfully initialized
[1560722074] qh: core query handler registered
[1560722074] qh: echo service query handler registered
[1560722074] qh: help for the query handler registered
[1560722074] wproc: Successfully registered manager as @wproc with query handler
[1560722074] wproc: Registry request: name=Core Worker 10224;pid=10224
[1560722074] wproc: Registry request: name=Core Worker 10226;pid=10226
[1560722074] wproc: Registry request: name=Core Worker 10225;pid=10225
[1560722074] wproc: Registry request: name=Core Worker 10227;pid=10227
[1560722074] ndomod: NDOMOD 2.1.3 (2017-04-13) Copyright (c) 2009 Nagios Core Development Team and Community Contributors
[1560722074] ndomod: Successfully connected to data sink.  0 queued items to flush.
[1560722074] ndomod registered for process data
[1560722074] ndomod registered for log data'
[1560722074] ndomod registered for system command data'
[1560722074] ndomod registered for event handler data'
[1560722074] ndomod registered for notification data'
[1560722074] ndomod registered for comment data'
[1560722074] ndomod registered for downtime data'
[1560722074] ndomod registered for flapping data'
[1560722074] ndomod registered for program status data'
[1560722074] ndomod registered for host status data'
[1560722074] ndomod registered for service status data'
[1560722074] ndomod registered for adaptive program data'
[1560722074] ndomod registered for adaptive host data'
[1560722074] ndomod registered for adaptive service data'
[1560722074] ndomod registered for external command data'
[1560722074] ndomod registered for aggregated status data'
[1560722074] ndomod registered for retention data'
[1560722074] ndomod registered for contact data'
[1560722074] ndomod registered for contact notification data'
[1560722074] ndomod registered for acknowledgement data'
[1560722074] ndomod registered for state change data'
[1560722074] ndomod registered for contact status data'
[1560722074] ndomod registered for adaptive contact data'
[1560722074] Event broker module '/usr/local/nagios/bin/ndomod.o' initialized successfully.
[1560722074] Successfully launched command file worker with pid 10240
[1560722359] Caught SIGTERM, shutting down...
[1560722359] Successfully shutdown... (PID=10223)
[1560722359] ndomod: Shutdown complete.
[1560722359] Event broker module '/usr/local/nagios/bin/ndomod.o' deinitialized successfully.
[1560722359] Nagios 4.4.3 starting... (PID=12161)
[1560722359] Local time is Sun Jun 16 23:59:19 CEST 2019
[1560722359] LOG VERSION: 2.0
[1560722359] qh: Socket '/usr/local/nagios/var/rw/nagios.qh' successfully initialized
[1560722359] qh: core query handler registered
[1560722359] qh: echo service query handler registered
[1560722359] qh: help for the query handler registered
[1560722359] wproc: Successfully registered manager as @wproc with query handler
[1560722359] wproc: Registry request: name=Core Worker 12164;pid=12164
[1560722359] wproc: Registry request: name=Core Worker 12165;pid=12165
[1560722359] wproc: Registry request: name=Core Worker 12162;pid=12162
[1560722359] wproc: Registry request: name=Core Worker 12163;pid=12163
[1560722359] ndomod: NDOMOD 2.1.3 (2017-04-13) Copyright (c) 2009 Nagios Core Development Team and Community Contributors
[1560722359] ndomod: Successfully connected to data sink.  0 queued items to flush.
[1560722359] ndomod registered for process data
[1560722359] ndomod registered for log data'
[1560722359] ndomod registered for system command data'
[1560722359] ndomod registered for event handler data'
[1560722359] ndomod registered for notification data'
[1560722359] ndomod registered for comment data'
[1560722359] ndomod registered for downtime data'
[1560722359] ndomod registered for flapping data'
[1560722359] ndomod registered for program status data'
[1560722359] ndomod registered for host status data'
[1560722359] ndomod registered for service status data'
[1560722359] ndomod registered for adaptive program data'
[1560722359] ndomod registered for adaptive host data'
[1560722359] ndomod registered for adaptive service data'
[1560722359] ndomod registered for external command data'
[1560722359] ndomod registered for aggregated status data'
[1560722359] ndomod registered for retention data'
[1560722359] ndomod registered for contact data'
[1560722359] ndomod registered for contact notification data'
[1560722359] ndomod registered for acknowledgement data'
[1560722359] ndomod registered for state change data'
[1560722359] ndomod registered for contact status data'
[1560722359] ndomod registered for adaptive contact data'
[1560722359] Event broker module '/usr/local/nagios/bin/ndomod.o' initialized successfully.
[1560722359] Successfully launched command file worker with pid 12178
[1560722417] Caught SIGTERM, shutting down...
